[32m[INFO] Fri Dec 26 17:55:12 2025 --- Iniciando Compilacao da Linguagem P ---[0m (em src/principal.c:17)

--- INICIANDO TESTES DE INTEGRIDADE ---
[SEMANTIC-ADD] Registrando variavel 'teste_unitario' com ID unico: 999
[AUDIT] Tabela de Simbolos (Global)    -> [32mOK[0m
[SEMANTIC-DEF-REG] Definindo nova estrutura de registro: TesteReg
[SEMANTIC-FIELD] Campo 'campo1' adicionado ao registro 'TesteReg'
[AUDIT] Estruturas de Registro         -> [32mOK[0m
[DEBUG] Gerador: Arquivo 'teste_vizinhança.tmp' aberto com sucesso.
[DEBUG] Gerador: Arquivo fechado.
[AUDIT] Sistema de Escrita (E/S)       -> [32mOK[0m
[32m[INFO] Fri Dec 26 17:55:12 2025 Diagnostico de rotina concluido.[0m (em src/sintatico.c:58)
[AUDIT] Subsistema de Logs             -> [32mOK[0m
--- SISTEMA PRONTO PARA COMPILACAO ---

[DEBUG] Gerador: Arquivo 'codigo_gerado.c' aberto com sucesso.
[AUDIT-OUT] '#include <stdio.h>
#include <string.h>
#include <stdlib.h>
#include <stdbool.h>

'
[FILE-WRITE] Escrevendo: '#include <stdio.h>
#include <string.h>
#include <stdlib.h>
#include <stdbool.h>

'
[32m[INFO] Fri Dec 26 17:55:12 2025 [REGRA] Entrando na regra: REGISTRO[0m (em src/sintatico.c:317)
[32m[INFO] Fri Dec 26 17:55:12 2025 [TOKEN] Consumido: 'registro' (Tipo: 12 na Linha 1)[0m (em src/sintatico.c:100)
[SEMANTIC-DEF-REG] Definindo nova estrutura de registro: Usuario
[AUDIT-OUT] 'typedef struct {
'
[FILE-WRITE] Escrevendo: 'typedef struct {
'
[32m[INFO] Fri Dec 26 17:55:12 2025 [TOKEN] Consumido: '{' (Tipo: 28 na Linha 1)[0m (em src/sintatico.c:100)
[AUDIT-OUT] '    int '
[FILE-WRITE] Escrevendo: '    int '
[SEMANTIC-FIELD] Campo 'id' adicionado ao registro 'Usuario'
[AUDIT-OUT] 'id'
[FILE-WRITE] Escrevendo: 'id'
[AUDIT-OUT] ';
'
[FILE-WRITE] Escrevendo: ';
'
[AUDIT-OUT] '    float '
[FILE-WRITE] Escrevendo: '    float '
[SEMANTIC-FIELD] Campo 'saldo' adicionado ao registro 'Usuario'
[AUDIT-OUT] 'saldo'
[FILE-WRITE] Escrevendo: 'saldo'
[AUDIT-OUT] ';
'
[FILE-WRITE] Escrevendo: ';
'
[AUDIT-OUT] '} '
[FILE-WRITE] Escrevendo: '} '
[AUDIT-OUT] 'Usuario'
[FILE-WRITE] Escrevendo: 'Usuario'
[AUDIT-OUT] ';

'
[FILE-WRITE] Escrevendo: ';

'
[32m[INFO] Fri Dec 26 17:55:12 2025 [TOKEN] Consumido: '}' (Tipo: 29 na Linha 4)[0m (em src/sintatico.c:100)
[32m[INFO] Fri Dec 26 17:55:12 2025 [TOKEN] Consumido: '(' (Tipo: 26 na Linha 6)[0m (em src/sintatico.c:100)
[32m[INFO] Fri Dec 26 17:55:12 2025 [TOKEN] Consumido: ')' (Tipo: 27 na Linha 6)[0m (em src/sintatico.c:100)
[AUDIT-OUT] 'int main()'
[FILE-WRITE] Escrevendo: 'int main()'
[32m[INFO] Fri Dec 26 17:55:12 2025 [REGRA] Entrando na regra: BLOCO[0m (em src/sintatico.c:308)
[32m[INFO] Fri Dec 26 17:55:12 2025 [TOKEN] Consumido: '{' (Tipo: 28 na Linha 6)[0m (em src/sintatico.c:100)
[AUDIT-OUT] '{
    '
[FILE-WRITE] Escrevendo: '{
    '
[32m[INFO] Fri Dec 26 17:55:12 2025 [REGRA] Entrando na regra: COMANDO[0m (em src/sintatico.c:216)
[32m[INFO] Fri Dec 26 17:55:12 2025 [TOKEN] Processando comando: 'Usuario' (Tipo: 41 na Linha 7)[0m (em src/sintatico.c:217)
[32m[INFO] Fri Dec 26 17:55:12 2025 [REGRA] Entrando na regra: DECLARACAO_VAR[0m (em src/sintatico.c:167)
[AUDIT-OUT] 'Usuario'
[FILE-WRITE] Escrevendo: 'Usuario'
[AUDIT-OUT] ' '
[FILE-WRITE] Escrevendo: ' '
[SEMANTIC-ADD-REG] Registrando instancia de registro 'Usuario lista' com ID: 0
[AUDIT-OUT] 'lista_0'
[FILE-WRITE] Escrevendo: 'lista_0'
[AUDIT-OUT] '['
[FILE-WRITE] Escrevendo: '['
[32m[INFO] Fri Dec 26 17:55:12 2025 [REGRA] Entrando na regra: COPIAR_EXPRESSAO[0m (em src/sintatico.c:123)
[AUDIT-OUT] '5'
[FILE-WRITE] Escrevendo: '5'
[32m[INFO] Fri Dec 26 17:55:12 2025 [MONITOR] Limitador alvo encontrado. Finalizando copia.[0m (em src/sintatico.c:129)
[AUDIT-OUT] ']'
[FILE-WRITE] Escrevendo: ']'
[32m[INFO] Fri Dec 26 17:55:12 2025 [TOKEN] Consumido: ']' (Tipo: 31 na Linha 7)[0m (em src/sintatico.c:100)
[AUDIT-OUT] ';
    '
[FILE-WRITE] Escrevendo: ';
    '
[32m[INFO] Fri Dec 26 17:55:12 2025 [REGRA] Entrando na regra: COMANDO[0m (em src/sintatico.c:216)
[32m[INFO] Fri Dec 26 17:55:12 2025 [TOKEN] Processando comando: 'lista' (Tipo: 41 na Linha 8)[0m (em src/sintatico.c:217)
[AUDIT-OUT] 'lista_0'
[FILE-WRITE] Escrevendo: 'lista_0'
[AUDIT-OUT] '['
[FILE-WRITE] Escrevendo: '['
[32m[INFO] Fri Dec 26 17:55:12 2025 [REGRA] Entrando na regra: COPIAR_EXPRESSAO[0m (em src/sintatico.c:123)
[AUDIT-OUT] '0'
[FILE-WRITE] Escrevendo: '0'
[32m[INFO] Fri Dec 26 17:55:12 2025 [MONITOR] Limitador alvo encontrado. Finalizando copia.[0m (em src/sintatico.c:129)
[AUDIT-OUT] ']'
[FILE-WRITE] Escrevendo: ']'
[32m[INFO] Fri Dec 26 17:55:12 2025 [TOKEN] Consumido: ']' (Tipo: 31 na Linha 8)[0m (em src/sintatico.c:100)
[AUDIT-OUT] '.'
[FILE-WRITE] Escrevendo: '.'
[AUDIT-OUT] 'id'
[FILE-WRITE] Escrevendo: 'id'
[AUDIT-OUT] ' = '
[FILE-WRITE] Escrevendo: ' = '
[32m[INFO] Fri Dec 26 17:55:12 2025 [REGRA] Entrando na regra: COPIAR_EXPRESSAO[0m (em src/sintatico.c:123)
[AUDIT-OUT] '101'
[FILE-WRITE] Escrevendo: '101'
[AUDIT-OUT] 'lista_0'
[FILE-WRITE] Escrevendo: 'lista_0'
[AUDIT-OUT] '['
[FILE-WRITE] Escrevendo: '['
[AUDIT-OUT] '0'
[FILE-WRITE] Escrevendo: '0'
[AUDIT-OUT] ']'
[FILE-WRITE] Escrevendo: ']'
[AUDIT-OUT] '.'
[FILE-WRITE] Escrevendo: '.'
[AUDIT-OUT] 'saldo'
[FILE-WRITE] Escrevendo: 'saldo'
[AUDIT-OUT] ' = '
[FILE-WRITE] Escrevendo: ' = '
[AUDIT-OUT] '50.5'
[FILE-WRITE] Escrevendo: '50.5'
[AUDIT-OUT] 'exibir'
[FILE-WRITE] Escrevendo: 'exibir'
[AUDIT-OUT] '('
[FILE-WRITE] Escrevendo: '('
[AUDIT-OUT] 'lista_0'
[FILE-WRITE] Escrevendo: 'lista_0'
[AUDIT-OUT] '['
[FILE-WRITE] Escrevendo: '['
[AUDIT-OUT] '0'
[FILE-WRITE] Escrevendo: '0'
[AUDIT-OUT] ']'
[FILE-WRITE] Escrevendo: ']'
[AUDIT-OUT] '.'
[FILE-WRITE] Escrevendo: '.'
[AUDIT-OUT] 'saldo'
[FILE-WRITE] Escrevendo: 'saldo'
[AUDIT-OUT] ')'
[FILE-WRITE] Escrevendo: ')'
[AUDIT-OUT] '}'
[FILE-WRITE] Escrevendo: '}'
[AUDIT-OUT] ';'
[FILE-WRITE] Escrevendo: ';'
[AUDIT-OUT] '
    '
[FILE-WRITE] Escrevendo: '
    '
[AUDIT-OUT] '}
    '
[FILE-WRITE] Escrevendo: '}
    '
[DEBUG] Gerador: Arquivo fechado.
