Thu Dec 25 17:28:01 2025 [INFO] --- Iniciando Compilacao da Linguagem P --- (em src/principal.c:17)
Thu Dec 25 17:28:01 2025 [INFO] Analise Sintatica e Geracao de codigo concluidas com sucesso. (em src/sintatico.c:51)
Thu Dec 25 17:37:10 2025 [INFO] --- Iniciando Compilacao da Linguagem P --- (em src/principal.c:17)
Thu Dec 25 17:37:10 2025 [ERRO] Erro Sintatico na linha 9: pino (Encontrado: 'LED') (em src/sintatico.c:24)
Thu Dec 25 17:40:27 2025 [INFO] --- Iniciando Compilacao da Linguagem P --- (em src/principal.c:17)
Thu Dec 25 17:40:27 2025 [INFO] Analise Sintatica e Geracao de codigo concluidas com sucesso. (em src/sintatico.c:51)
Thu Dec 25 17:41:55 2025 [INFO] --- Iniciando Compilacao da Linguagem P --- (em src/principal.c:17)
Thu Dec 25 17:41:55 2025 [INFO] Analise Sintatica e Geracao de codigo concluidas com sucesso. (em src/sintatico.c:46)
Thu Dec 25 17:45:20 2025 [INFO] --- Iniciando Compilacao da Linguagem P --- (em src/principal.c:17)
Thu Dec 25 17:45:20 2025 [INFO] Analise Sintatica e Geracao de codigo concluidas com sucesso. (em src/sintatico.c:46)
Thu Dec 25 17:47:15 2025 [INFO] --- Iniciando Compilacao da Linguagem P --- (em src/principal.c:17)
Thu Dec 25 17:47:15 2025 [INFO] Analise Sintatica e Geracao de codigo concluidas com sucesso. (em src/sintatico.c:46)
Thu Dec 25 17:49:51 2025 [INFO] --- Iniciando Compilacao da Linguagem P --- (em src/principal.c:17)
Thu Dec 25 17:49:51 2025 [INFO] Analise Sintatica e Geracao de codigo concluidas com sucesso. (em src/sintatico.c:46)
Thu Dec 25 17:51:18 2025 [INFO] --- Iniciando Compilacao da Linguagem P --- (em src/principal.c:17)
Thu Dec 25 17:51:18 2025 [INFO] Analise Sintatica e Geracao de codigo concluidas com sucesso. (em src/sintatico.c:46)
Thu Dec 25 17:51:39 2025 [INFO] --- Iniciando Compilacao da Linguagem P --- (em src/principal.c:17)
Thu Dec 25 17:51:39 2025 [INFO] Analise Sintatica e Geracao de codigo concluidas com sucesso. (em src/sintatico.c:46)
Thu Dec 25 17:53:58 2025 [INFO] --- Iniciando Compilacao da Linguagem P --- (em src/principal.c:17)
Thu Dec 25 17:53:58 2025 [INFO] Analise Sintatica e Geracao de codigo concluidas com sucesso. (em src/sintatico.c:46)
Thu Dec 25 17:59:44 2025 [INFO] --- Iniciando Compilacao da Linguagem P --- (em src/principal.c:17)
Thu Dec 25 17:59:44 2025 [INFO] Analise Sintatica e Geracao de codigo concluidas com sucesso. (em src/sintatico.c:75)
Thu Dec 25 18:01:51 2025 [INFO] --- Iniciando Compilacao da Linguagem P --- (em src/principal.c:17)
Thu Dec 25 18:01:51 2025 [INFO] Analise Sintatica e Geracao de codigo concluidas com sucesso. (em src/sintatico.c:70)
Thu Dec 25 18:03:20 2025 [INFO] --- Iniciando Compilacao da Linguagem P --- (em src/principal.c:17)
Thu Dec 25 18:03:20 2025 [INFO] Analise Sintatica e Geracao de codigo concluidas com sucesso. (em src/sintatico.c:73)
Thu Dec 25 18:11:53 2025 [INFO] --- Iniciando Compilacao da Linguagem P --- (em src/principal.c:17)
Thu Dec 25 18:11:53 2025 [INFO] Analise Sintatica e Geracao de codigo concluidas com sucesso. (em src/sintatico.c:64)
Thu Dec 25 18:17:37 2025 [INFO] --- Iniciando Compilacao da Linguagem P --- (em src/principal.c:17)
Thu Dec 25 18:17:37 2025 [INFO] Analise Sintatica e Geracao de codigo concluidas com sucesso. (em src/sintatico.c:64)
Thu Dec 25 18:18:28 2025 [INFO] --- Iniciando Compilacao da Linguagem P --- (em src/principal.c:17)
Thu Dec 25 18:18:28 2025 [INFO] Analise Sintatica e Geracao de codigo concluidas com sucesso. (em src/sintatico.c:67)
Thu Dec 25 18:18:46 2025 [INFO] --- Iniciando Compilacao da Linguagem P --- (em src/principal.c:17)
Thu Dec 25 18:18:46 2025 [ERRO] Variavel 'sensor' nao existe! (em src/sintatico.c:130)
Thu Dec 25 18:23:03 2025 [INFO] --- Iniciando Compilacao da Linguagem P --- (em src/principal.c:17)
Thu Dec 25 18:23:03 2025 [INFO] Analise Sintatica e Geracao de codigo concluidas com sucesso. (em src/sintatico.c:73)
Thu Dec 25 18:24:45 2025 [INFO] --- Iniciando Compilacao da Linguagem P --- (em src/principal.c:17)
Thu Dec 25 18:24:45 2025 [INFO] Analise Sintatica e Geracao de codigo concluidas com sucesso. (em src/sintatico.c:71)
Thu Dec 25 18:25:23 2025 [INFO] --- Iniciando Compilacao da Linguagem P --- (em src/principal.c:17)
Thu Dec 25 18:25:23 2025 [ERRO] O pino 'pino_sensor' deve ser INTEIRO. (em src/sintatico.c:111)
Thu Dec 25 18:28:36 2025 [INFO] --- Iniciando Compilacao da Linguagem P --- (em src/principal.c:17)
Thu Dec 25 18:28:36 2025 [INFO] Analise Sintatica e Geracao de codigo concluidas com sucesso. (em src/sintatico.c:71)
Thu Dec 25 18:31:07 2025 [INFO] --- Iniciando Compilacao da Linguagem P --- (em src/principal.c:17)
Thu Dec 25 18:31:08 2025 [ERRO] ID nao declarado. (em src/sintatico.c:142)
Thu Dec 25 18:33:11 2025 [INFO] --- Iniciando Compilacao da Linguagem P --- (em src/principal.c:17)
Thu Dec 25 18:33:11 2025 [ERRO] ID 'enquanto' nao declarado. (em src/sintatico.c:136)
Thu Dec 25 18:34:39 2025 [INFO] --- Iniciando Compilacao da Linguagem P --- (em src/principal.c:17)
Thu Dec 25 18:34:39 2025 [ERRO] ID 'enquanto' nao declarado. (em src/sintatico.c:166)
Thu Dec 25 18:35:48 2025 [INFO] --- Iniciando Compilacao da Linguagem P --- (em src/principal.c:17)
Thu Dec 25 18:35:48 2025 [INFO] Analise Sintatica e Geracao de codigo concluidas com sucesso. (em src/sintatico.c:71)
Thu Dec 25 18:37:00 2025 [INFO] --- Iniciando Compilacao da Linguagem P --- (em src/principal.c:17)
Thu Dec 25 18:37:00 2025 [INFO] Analise Sintatica e Geracao de codigo concluidas com sucesso. (em src/sintatico.c:71)
Thu Dec 25 18:38:09 2025 [INFO] --- Iniciando Compilacao da Linguagem P --- (em src/principal.c:17)
Thu Dec 25 18:38:09 2025 [INFO] Analise Sintatica e Geracao de codigo concluidas com sucesso. (em src/sintatico.c:71)
Thu Dec 25 18:40:09 2025 [INFO] --- Iniciando Compilacao da Linguagem P --- (em src/principal.c:17)
Thu Dec 25 18:40:09 2025 [INFO] Analise Sintatica e Geracao de codigo concluidas com sucesso. (em src/sintatico.c:71)
Thu Dec 25 18:56:56 2025 [INFO] --- Iniciando Compilacao da Linguagem P --- (em src/principal.c:17)
Thu Dec 25 18:56:56 2025 [INFO] Analise Sintatica e Geracao de codigo concluidas com sucesso. (em src/sintatico.c:37)
Thu Dec 25 19:01:05 2025 [INFO] --- Iniciando Compilacao da Linguagem P --- (em src/principal.c:17)
Thu Dec 25 19:01:05 2025 [INFO] Analise Sintatica e Geracao de codigo concluidas com sucesso. (em src/sintatico.c:39)
Thu Dec 25 19:03:01 2025 [INFO] --- Iniciando Compilacao da Linguagem P --- (em src/principal.c:17)
Thu Dec 25 19:03:01 2025 [INFO] Analise Sintatica e Geracao de codigo concluidas com sucesso. (em src/sintatico.c:39)
Thu Dec 25 19:20:01 2025 [INFO] --- Iniciando Compilacao da Linguagem P --- (em src/principal.c:17)
Thu Dec 25 19:20:01 2025 [INFO] Analise Sintatica e Geracao de codigo concluidas com sucesso. (em src/sintatico.c:39)
Thu Dec 25 19:22:24 2025 [INFO] --- Iniciando Compilacao da Linguagem P --- (em src/principal.c:17)
Thu Dec 25 19:22:24 2025 [INFO] Analise Sintatica e Geracao de codigo concluidas com sucesso. (em src/sintatico.c:83)
Thu Dec 25 19:38:28 2025 [INFO] --- Iniciando Compilacao da Linguagem P --- (em src/principal.c:17)
Thu Dec 25 19:38:28 2025 [INFO] Analise Sintatica v1.2 concluida. (em src/sintatico.c:139)
Thu Dec 25 19:42:33 2025 [INFO] --- Iniciando Compilacao da Linguagem P --- (em src/principal.c:17)
Thu Dec 25 19:42:33 2025 [INFO] Analise Sintatica v1.2 concluida. (em src/sintatico.c:139)
Thu Dec 25 19:44:03 2025 [INFO] --- Iniciando Compilacao da Linguagem P --- (em src/principal.c:17)
Thu Dec 25 19:44:03 2025 [INFO] Analise Sintatica v1.2 concluida. (em src/sintatico.c:139)
Thu Dec 25 19:44:20 2025 [INFO] --- Iniciando Compilacao da Linguagem P --- (em src/principal.c:17)
Thu Dec 25 19:44:20 2025 [INFO] Analise Sintatica v1.2 concluida. (em src/sintatico.c:139)
Thu Dec 25 19:48:07 2025 [INFO] --- Iniciando Compilacao da Linguagem P --- (em src/principal.c:17)
Thu Dec 25 19:48:07 2025 [INFO] Analise Sintatica v1.2 concluida. (em src/sintatico.c:139)
Thu Dec 25 19:57:03 2025 [INFO] --- Iniciando Compilacao da Linguagem P --- (em src/principal.c:17)
Thu Dec 25 19:57:03 2025 [INFO] Analise Sintatica v1.2 concluida. (em src/sintatico.c:139)
Thu Dec 25 19:58:13 2025 [INFO] --- Iniciando Compilacao da Linguagem P --- (em src/principal.c:17)
Thu Dec 25 19:58:13 2025 [ERRO] Erro Sintatico na linha 3: ; (Recebeu: 'exibir') (em src/sintatico.c:20)
Thu Dec 25 19:58:31 2025 [INFO] --- Iniciando Compilacao da Linguagem P --- (em src/principal.c:17)
Thu Dec 25 19:58:31 2025 [ERRO] Erro Sintatico na linha 10: ; (Recebeu: 'constante') (em src/sintatico.c:20)
Thu Dec 25 19:59:00 2025 [INFO] --- Iniciando Compilacao da Linguagem P --- (em src/principal.c:17)
Thu Dec 25 19:59:00 2025 [ERRO] Erro Sintatico na linha 11: ; (Recebeu: '}') (em src/sintatico.c:20)
Thu Dec 25 19:59:11 2025 [INFO] --- Iniciando Compilacao da Linguagem P --- (em src/principal.c:17)
Thu Dec 25 19:59:11 2025 [INFO] Analise Sintatica v1.2 concluida. (em src/sintatico.c:139)
Thu Dec 25 20:12:29 2025 [INFO] --- Iniciando Compilacao da Linguagem P --- (em src/principal.c:17)
Thu Dec 25 20:12:29 2025 [INFO] Analise Sintatica e Semantica v1.3 concluida. (em src/sintatico.c:153)
Thu Dec 25 20:13:13 2025 [INFO] --- Iniciando Compilacao da Linguagem P --- (em src/principal.c:17)
Thu Dec 25 20:13:13 2025 [ERRO] Erro Semantico na linha 2: Funcao 'area' nao foi declarada. (em src/semantico.c:55)
Thu Dec 25 20:14:58 2025 [INFO] --- Iniciando Compilacao da Linguagem P --- (em src/principal.c:17)
Thu Dec 25 20:14:58 2025 [INFO] V1.3: Analise concluida com Sucesso. (em src/sintatico.c:140)
Thu Dec 25 20:16:13 2025 [INFO] --- Iniciando Compilacao da Linguagem P --- (em src/principal.c:17)
Thu Dec 25 20:16:13 2025 [INFO] V1.3: Analise concluida com Sucesso. (em src/sintatico.c:152)
Thu Dec 25 20:19:09 2025 [INFO] --- Iniciando Compilacao da Linguagem P --- (em src/principal.c:17)
Thu Dec 25 20:19:09 2025 [INFO] V1.3: Analise concluida com Sucesso. (em src/sintatico.c:130)
Thu Dec 25 20:25:10 2025 [INFO] --- Iniciando Compilacao da Linguagem P --- (em src/principal.c:17)
Thu Dec 25 20:25:10 2025 [INFO] V1.4: Multiplos parametros suportados. (em src/sintatico.c:169)
Thu Dec 25 20:26:23 2025 [INFO] --- Iniciando Compilacao da Linguagem P --- (em src/principal.c:17)
Thu Dec 25 20:26:23 2025 [INFO] V1.4: Multiplos parametros suportados. (em src/sintatico.c:166)
Thu Dec 25 20:30:24 2025 [INFO] --- Iniciando Compilacao da Linguagem P --- (em src/principal.c:17)
Thu Dec 25 20:30:24 2025 [INFO] V1.4: Multiplos parametros suportados. (em src/sintatico.c:170)
Thu Dec 25 20:36:52 2025 [INFO] --- Iniciando Compilacao da Linguagem P --- (em src/principal.c:17)
Thu Dec 25 20:36:52 2025 [INFO] V1.5: Suporte a condicionais (se/senao) e repeticao (enquanto). (em src/sintatico.c:200)
Thu Dec 25 20:42:12 2025 [INFO] --- Iniciando Compilacao da Linguagem P --- (em src/principal.c:17)
Thu Dec 25 20:42:12 2025 [INFO] V1.6: Suporte a funcoes, condicionais e loops (para/enquanto) concluidos. (em src/sintatico.c:239)
Thu Dec 25 20:51:05 2025 [INFO] --- Iniciando Compilacao da Linguagem P --- (em src/principal.c:17)
Thu Dec 25 20:51:05 2025 [ERRO] Erro Sintatico na linha 3: ; (Recebeu: '5') (em src/sintatico.c:20)
Thu Dec 25 20:52:23 2025 [INFO] --- Iniciando Compilacao da Linguagem P --- (em src/principal.c:17)
Thu Dec 25 20:52:23 2025 [ERRO] Erro Sintatico na linha 3: ; (Recebeu: '5') (em src/sintatico.c:20)
Thu Dec 25 20:53:41 2025 [INFO] --- Iniciando Compilacao da Linguagem P --- (em src/principal.c:17)
Thu Dec 25 20:53:41 2025 [ERRO] Erro Sintatico na linha 3: ; (Recebeu: '5') (em src/sintatico.c:20)
Thu Dec 25 20:55:16 2025 [INFO] --- Iniciando Compilacao da Linguagem P --- (em src/principal.c:17)
Thu Dec 25 20:55:16 2025 [ERRO] Erro Sintatico na linha 3: ; (Recebeu: '5') (em src/sintatico.c:20)
Thu Dec 25 20:56:36 2025 [INFO] --- Iniciando Compilacao da Linguagem P --- (em src/principal.c:17)
Thu Dec 25 20:56:36 2025 [INFO] V1.7.3: Vetores funcionando. (em src/sintatico.c:191)
Thu Dec 25 21:06:40 2025 [INFO] --- Iniciando Compilacao da Linguagem P --- (em src/principal.c:17)
Thu Dec 25 21:06:40 2025 [INFO] V1.8.1: Suporte a Registros e Instanciacao completo. (em src/sintatico.c:247)
Thu Dec 25 21:11:21 2025 [INFO] --- Iniciando Compilacao da Linguagem P --- (em src/principal.c:17)
Thu Dec 25 21:11:21 2025 [INFO] V1.9: Cadeias de texto e Registros ativos. (em src/sintatico.c:244)
Thu Dec 25 21:13:00 2025 [INFO] --- Iniciando Compilacao da Linguagem P --- (em src/principal.c:17)
Thu Dec 25 21:13:00 2025 [INFO] V1.9.1: Corrigido mapeamento de Cadeias em Registros. (em src/sintatico.c:254)
Thu Dec 25 21:14:38 2025 [INFO] --- Iniciando Compilacao da Linguagem P --- (em src/principal.c:17)
Thu Dec 25 21:14:38 2025 [INFO] V1.9.2: Exibir inteligente para strings em registros. (em src/sintatico.c:243)
Thu Dec 25 21:17:49 2025 [INFO] --- Iniciando Compilacao da Linguagem P --- (em src/principal.c:17)
Thu Dec 25 21:17:49 2025 [INFO] V1.9.2: Suporte a Cadeias e Registros finalizado. (em src/sintatico.c:249)
Thu Dec 25 21:21:13 2025 [INFO] --- Iniciando Compilacao da Linguagem P --- (em src/principal.c:17)
Thu Dec 25 21:21:13 2025 [INFO] V2.0: Analisador Semantico com tipos integrado. (em src/sintatico.c:263)
Thu Dec 25 21:23:38 2025 [INFO] --- Iniciando Compilacao da Linguagem P --- (em src/principal.c:17)
Thu Dec 25 21:23:38 2025 [INFO] V2.0.1: Correcao de tipos e strings aplicada. (em src/sintatico.c:263)
Thu Dec 25 21:35:35 2025 [INFO] --- Iniciando Compilacao da Linguagem P --- (em src/principal.c:17)
Thu Dec 25 21:35:35 2025 [INFO] V3.0: Sistema de Tipos e Semantica Forte implementados. (em src/sintatico.c:199)
Thu Dec 25 21:37:02 2025 [INFO] --- Iniciando Compilacao da Linguagem P --- (em src/principal.c:17)
Thu Dec 25 21:37:02 2025 [INFO] V3.0.1: Correcao de strings literais no exibir. (em src/sintatico.c:186)
Thu Dec 25 21:38:24 2025 [INFO] --- Iniciando Compilacao da Linguagem P --- (em src/principal.c:17)
Thu Dec 25 21:38:24 2025 [INFO] V3.1: Estavel com Semantica Forte. (em src/sintatico.c:184)
Thu Dec 25 21:41:52 2025 [INFO] --- Iniciando Compilacao da Linguagem P --- (em src/principal.c:17)
Thu Dec 25 21:41:52 2025 [ERRO] Erro Sintatico na linha 0: ) (Recebeu: '') (em src/sintatico.c:20)
Thu Dec 25 21:43:50 2025 [INFO] --- Iniciando Compilacao da Linguagem P --- (em src/principal.c:17)
Thu Dec 25 21:43:50 2025 [INFO] V4.0: Comando LER implementado com sucesso. (em src/sintatico.c:170)
Thu Dec 25 21:47:47 2025 [INFO] --- Iniciando Compilacao da Linguagem P --- (em src/principal.c:17)
Thu Dec 25 21:47:47 2025 [INFO] V5.0: Suporte a Vetores implementado. (em src/sintatico.c:163)
Thu Dec 25 21:50:01 2025 [INFO] --- Iniciando Compilacao da Linguagem P --- (em src/principal.c:17)
Thu Dec 25 21:52:24 2025 [INFO] --- Iniciando Compilacao da Linguagem P --- (em src/principal.c:17)
Thu Dec 25 21:52:24 2025 [INFO] V6.1: Bug de operadores corrigido e avisos removidos. (em src/sintatico.c:173)
Thu Dec 25 21:54:25 2025 [INFO] --- Iniciando Compilacao da Linguagem P --- (em src/principal.c:17)
Thu Dec 25 21:54:25 2025 [INFO] V7.0: Comandos PARA e LER (tipado) implementados. (em src/sintatico.c:198)
Thu Dec 25 21:56:31 2025 [INFO] --- Iniciando Compilacao da Linguagem P --- (em src/principal.c:17)
Thu Dec 25 21:56:31 2025 [INFO] V8.0: Suporte a Funcoes e Retorno implementado. (em src/sintatico.c:235)
Thu Dec 25 21:58:01 2025 [INFO] --- Iniciando Compilacao da Linguagem P --- (em src/principal.c:17)
Thu Dec 25 21:58:01 2025 [INFO] V8.0: Suporte a Funcoes e Retorno implementado. (em src/sintatico.c:235)
Thu Dec 25 22:02:07 2025 [INFO] --- Iniciando Compilacao da Linguagem P --- (em src/principal.c:17)
Thu Dec 25 22:02:07 2025 [INFO] V9.0: Escopo Local e Global concluido! (em src/sintatico.c:229)
Thu Dec 25 22:04:57 2025 [INFO] --- Iniciando Compilacao da Linguagem P --- (em src/principal.c:17)
Thu Dec 25 22:04:57 2025 [INFO] V9.1: Correcao de Escopo Global e Local. (em src/sintatico.c:210)
Thu Dec 25 22:05:54 2025 [INFO] --- Iniciando Compilacao da Linguagem P --- (em src/principal.c:17)
Thu Dec 25 22:05:54 2025 [INFO] V9.1: Correcao de Escopo Global e Local. (em src/sintatico.c:210)
Thu Dec 25 22:06:30 2025 [HARDWARE] Nao foi possivel abrir o arquivo fonte. (em src/principal.c:13)
Thu Dec 25 22:07:56 2025 [INFO] --- Iniciando Compilacao da Linguagem P --- (em src/principal.c:17)
Thu Dec 25 22:07:56 2025 [INFO] V9.1: Correcao de Escopo Global e Local. (em src/sintatico.c:210)
Thu Dec 25 22:09:16 2025 [INFO] --- Iniciando Compilacao da Linguagem P --- (em src/principal.c:17)
Thu Dec 25 22:09:16 2025 [INFO] V9.1: Correcao de Escopo Global e Local. (em src/sintatico.c:210)
Thu Dec 25 22:09:55 2025 [INFO] --- Iniciando Compilacao da Linguagem P --- (em src/principal.c:17)
Thu Dec 25 22:09:55 2025 [INFO] V9.1: Correcao de Escopo Global e Local. (em src/sintatico.c:210)
Thu Dec 25 22:10:41 2025 [INFO] --- Iniciando Compilacao da Linguagem P --- (em src/principal.c:17)
Thu Dec 25 22:10:41 2025 [INFO] V9.1: Correcao de Escopo Global e Local. (em src/sintatico.c:210)
Thu Dec 25 22:11:49 2025 [INFO] --- Iniciando Compilacao da Linguagem P --- (em src/principal.c:17)
Thu Dec 25 22:11:49 2025 [INFO] V9.1: Correcao de Escopo Global e Local. (em src/sintatico.c:210)
Thu Dec 25 22:13:07 2025 [INFO] --- Iniciando Compilacao da Linguagem P --- (em src/principal.c:17)
Thu Dec 25 22:13:07 2025 [INFO] V9.1: Correcao de Escopo Global e Local. (em src/sintatico.c:210)
Thu Dec 25 22:14:42 2025 [INFO] --- Iniciando Compilacao da Linguagem P --- (em src/principal.c:17)
Thu Dec 25 22:14:42 2025 [ERRO] Erro Sintatico na linha 7: ; (Recebeu: 'p') (em src/sintatico.c:21)
Thu Dec 25 22:17:07 2025 [INFO] --- Iniciando Compilacao da Linguagem P --- (em src/principal.c:17)
Thu Dec 25 22:17:07 2025 [INFO] V9.2: Suporte completo a Registros (Structs) e campos. (em src/sintatico.c:255)
Thu Dec 25 22:21:34 2025 [INFO] --- Iniciando Compilacao da Linguagem P --- (em src/principal.c:17)
Thu Dec 25 22:21:34 2025 [INFO] V9.3: Compilador pronto para o Teste Supremo. (em src/sintatico.c:243)
Thu Dec 25 22:25:41 2025 [INFO] --- Iniciando Compilacao da Linguagem P --- (em src/principal.c:17)
Thu Dec 25 22:27:16 2025 [INFO] --- Iniciando Compilacao da Linguagem P --- (em src/principal.c:17)
Thu Dec 25 22:36:10 2025 [INFO] --- Iniciando Compilacao da Linguagem P --- (em src/principal.c:17)
Thu Dec 25 22:37:50 2025 [INFO] --- Iniciando Compilacao da Linguagem P --- (em src/principal.c:17)
Thu Dec 25 22:38:06 2025 [INFO] --- Iniciando Compilacao da Linguagem P --- (em src/principal.c:17)
Thu Dec 25 22:39:54 2025 [INFO] --- Iniciando Compilacao da Linguagem P --- (em src/principal.c:17)
Thu Dec 25 22:39:54 2025 [ERRO] Erro Sintatico na linha 1221403240: ) (Recebeu: 'Pode') (em src/sintatico.c:21)
